<?xml version="1.0" encoding="UTF-8"?>
<!-- Generated by org.testng.reporters.JUnitXMLReporter -->
<testsuite ignored="0" hostname="RBL-LN-110473" failures="1" tests="3" name="Error Validation Test" time="16.398" errors="0" timestamp="2025-07-20T15:39:51 IST">
  <testcase classname="SeleniumWeb.ErrorValidation" name="loginErrorValidation" time="0.591">
    <skipped/>
  </testcase> <!-- loginErrorValidation -->
  <testcase classname="SeleniumWeb.ErrorValidation" name="loginErrorValidation" time="0.655">
    <failure type="java.lang.AssertionError" message="expected [Incorrect email or password.] but found [Incorrect email  password.]">
      <![CDATA[java.lang.AssertionError: expected [Incorrect email or password.] but found [Incorrect email  password.]
at SeleniumWeb.ErrorValidation.loginErrorValidation(ErrorValidation.java:34)
at java.base/java.util.ArrayList.forEach(ArrayList.java:1597)
at java.base/java.util.concurrent.FutureTask.run(FutureTask.java:317)
at java.base/java.util.concurrent.ThreadPoolExecutor.runWorker(ThreadPoolExecutor.java:1144)
at java.base/java.util.concurrent.ThreadPoolExecutor$Worker.run(ThreadPoolExecutor.java:642)
at java.base/java.lang.Thread.run(Thread.java:1575)
... Removed 21 stack frames]]>
    </failure>
  </testcase> <!-- loginErrorValidation -->
  <testcase classname="SeleniumWeb.ErrorValidation" name="productErrorValidation" time="3.441"/>
</testsuite> <!-- Error Validation Test -->
