<?xml version="1.0" encoding="UTF-8"?>
<testng-results retried="1" ignored="0" total="6" passed="4" failed="1" skipped="0">
  <reporter-output>
  </reporter-output>
  <suite started-at="2025-07-20T15:39:33 IST" name="Suite" finished-at="2025-07-20T15:40:04 IST" duration-ms="30339">
    <groups>
      <group name="Purchase">
        <method signature="SubmitOrder.sumbmitOrder(java.util.HashMap)[pri:0, instance:SeleniumWeb.SubmitOrder@6f8e8894]" name="sumbmitOrder" class="SeleniumWeb.SubmitOrder"/>
      </group> <!-- Purchase -->
      <group name="ErrorValidation">
        <method signature="ErrorValidation.loginErrorValidation()[pri:0, instance:SeleniumWeb.ErrorValidation@44a59da3]" name="loginErrorValidation" class="SeleniumWeb.ErrorValidation"/>
      </group> <!-- ErrorValidation -->
    </groups>
    <test started-at="2025-07-20T15:39:33 IST" name="Error Validation Test" finished-at="2025-07-20T15:39:50 IST" duration-ms="16398">
      <class name="SeleniumWeb.ErrorValidation">
        <test-method is-config="true" signature="applicationLunch()[pri:0, instance:SeleniumWeb.ErrorValidation@44a59da3]" started-at="2025-07-20T15:39:33 IST" name="applicationLunch" finished-at="2025-07-20T15:39:38 IST" duration-ms="4428" status="PASS">
          <reporter-output>
          </reporter-output>
        </test-method> <!-- applicationLunch -->
        <test-method retried="true" signature="loginErrorValidation()[pri:0, instance:SeleniumWeb.ErrorValidation@44a59da3]" started-at="2025-07-20T15:39:38 IST" name="loginErrorValidation" finished-at="2025-07-20T15:39:39 IST" duration-ms="591" status="SKIP">
          <exception class="java.lang.AssertionError">
            <message>
              <![CDATA[expected [Incorrect email or password.] but found [Incorrect email  password.]]]>
            </message>
            <full-stacktrace>
              <![CDATA[java.lang.AssertionError: expected [Incorrect email or password.] but found [Incorrect email  password.]
at org.testng.Assert.fail(Assert.java:111)
at org.testng.Assert.failNotEquals(Assert.java:1590)
at org.testng.Assert.assertEqualsImpl(Assert.java:150)
at org.testng.Assert.assertEquals(Assert.java:132)
at org.testng.Assert.assertEquals(Assert.java:656)
at org.testng.Assert.assertEquals(Assert.java:666)
at SeleniumWeb.ErrorValidation.loginErrorValidation(ErrorValidation.java:34)
at java.base/jdk.internal.reflect.DirectMethodHandleAccessor.invoke(DirectMethodHandleAccessor.java:103)
at java.base/java.lang.reflect.Method.invoke(Method.java:580)
at org.testng.internal.invokers.MethodInvocationHelper.invokeMethod(MethodInvocationHelper.java:141)
at org.testng.internal.invokers.TestInvoker.invokeMethod(TestInvoker.java:687)
at org.testng.internal.invokers.TestInvoker.invokeTestMethod(TestInvoker.java:230)
at org.testng.internal.invokers.MethodRunner.runInSequence(MethodRunner.java:63)
at org.testng.internal.invokers.TestInvoker$MethodInvocationAgent.invoke(TestInvoker.java:995)
at org.testng.internal.invokers.TestInvoker.invokeTestMethods(TestInvoker.java:203)
at org.testng.internal.invokers.TestMethodWorker.invokeTestMethods(TestMethodWorker.java:154)
at org.testng.internal.invokers.TestMethodWorker.run(TestMethodWorker.java:134)
at java.base/java.util.ArrayList.forEach(ArrayList.java:1597)
at org.testng.TestRunner.privateRun(TestRunner.java:741)
at org.testng.TestRunner.run(TestRunner.java:616)
at org.testng.SuiteRunner.runTest(SuiteRunner.java:421)
at org.testng.SuiteRunner$SuiteWorker.run(SuiteRunner.java:463)
at org.testng.internal.thread.ThreadUtil.lambda$execute$0(ThreadUtil.java:64)
at java.base/java.util.concurrent.FutureTask.run(FutureTask.java:317)
at java.base/java.util.concurrent.ThreadPoolExecutor.runWorker(ThreadPoolExecutor.java:1144)
at java.base/java.util.concurrent.ThreadPoolExecutor$Worker.run(ThreadPoolExecutor.java:642)
at java.base/java.lang.Thread.run(Thread.java:1575)
]]>
            </full-stacktrace>
          </exception> <!-- java.lang.AssertionError -->
          <reporter-output>
          </reporter-output>
        </test-method> <!-- loginErrorValidation -->
        <test-method is-config="true" signature="teardown()[pri:0, instance:SeleniumWeb.ErrorValidation@44a59da3]" started-at="2025-07-20T15:39:39 IST" name="teardown" finished-at="2025-07-20T15:39:39 IST" duration-ms="105" status="PASS">
          <reporter-output>
          </reporter-output>
        </test-method> <!-- teardown -->
        <test-method is-config="true" signature="applicationLunch()[pri:0, instance:SeleniumWeb.ErrorValidation@44a59da3]" started-at="2025-07-20T15:39:39 IST" name="applicationLunch" finished-at="2025-07-20T15:39:42 IST" duration-ms="3148" status="PASS">
          <reporter-output>
          </reporter-output>
        </test-method> <!-- applicationLunch -->
        <test-method signature="loginErrorValidation()[pri:0, instance:SeleniumWeb.ErrorValidation@44a59da3]" started-at="2025-07-20T15:39:42 IST" name="loginErrorValidation" finished-at="2025-07-20T15:39:42 IST" duration-ms="655" status="FAIL">
          <exception class="java.lang.AssertionError">
            <message>
              <![CDATA[expected [Incorrect email or password.] but found [Incorrect email  password.]]]>
            </message>
            <full-stacktrace>
              <![CDATA[java.lang.AssertionError: expected [Incorrect email or password.] but found [Incorrect email  password.]
at org.testng.Assert.fail(Assert.java:111)
at org.testng.Assert.failNotEquals(Assert.java:1590)
at org.testng.Assert.assertEqualsImpl(Assert.java:150)
at org.testng.Assert.assertEquals(Assert.java:132)
at org.testng.Assert.assertEquals(Assert.java:656)
at org.testng.Assert.assertEquals(Assert.java:666)
at SeleniumWeb.ErrorValidation.loginErrorValidation(ErrorValidation.java:34)
at java.base/jdk.internal.reflect.DirectMethodHandleAccessor.invoke(DirectMethodHandleAccessor.java:103)
at java.base/java.lang.reflect.Method.invoke(Method.java:580)
at org.testng.internal.invokers.MethodInvocationHelper.invokeMethod(MethodInvocationHelper.java:141)
at org.testng.internal.invokers.TestInvoker.invokeMethod(TestInvoker.java:687)
at org.testng.internal.invokers.TestInvoker.retryFailed(TestInvoker.java:269)
at org.testng.internal.invokers.MethodRunner.runInSequence(MethodRunner.java:76)
at org.testng.internal.invokers.TestInvoker$MethodInvocationAgent.invoke(TestInvoker.java:995)
at org.testng.internal.invokers.TestInvoker.invokeTestMethods(TestInvoker.java:203)
at org.testng.internal.invokers.TestMethodWorker.invokeTestMethods(TestMethodWorker.java:154)
at org.testng.internal.invokers.TestMethodWorker.run(TestMethodWorker.java:134)
at java.base/java.util.ArrayList.forEach(ArrayList.java:1597)
at org.testng.TestRunner.privateRun(TestRunner.java:741)
at org.testng.TestRunner.run(TestRunner.java:616)
at org.testng.SuiteRunner.runTest(SuiteRunner.java:421)
at org.testng.SuiteRunner$SuiteWorker.run(SuiteRunner.java:463)
at org.testng.internal.thread.ThreadUtil.lambda$execute$0(ThreadUtil.java:64)
at java.base/java.util.concurrent.FutureTask.run(FutureTask.java:317)
at java.base/java.util.concurrent.ThreadPoolExecutor.runWorker(ThreadPoolExecutor.java:1144)
at java.base/java.util.concurrent.ThreadPoolExecutor$Worker.run(ThreadPoolExecutor.java:642)
at java.base/java.lang.Thread.run(Thread.java:1575)
]]>
            </full-stacktrace>
          </exception> <!-- java.lang.AssertionError -->
          <reporter-output>
          </reporter-output>
        </test-method> <!-- loginErrorValidation -->
        <test-method is-config="true" signature="teardown()[pri:0, instance:SeleniumWeb.ErrorValidation@44a59da3]" started-at="2025-07-20T15:39:43 IST" name="teardown" finished-at="2025-07-20T15:39:43 IST" duration-ms="102" status="PASS">
          <reporter-output>
          </reporter-output>
        </test-method> <!-- teardown -->
        <test-method is-config="true" signature="applicationLunch()[pri:0, instance:SeleniumWeb.ErrorValidation@44a59da3]" started-at="2025-07-20T15:39:43 IST" name="applicationLunch" finished-at="2025-07-20T15:39:46 IST" duration-ms="3408" status="PASS">
          <reporter-output>
          </reporter-output>
        </test-method> <!-- applicationLunch -->
        <test-method signature="productErrorValidation()[pri:0, instance:SeleniumWeb.ErrorValidation@44a59da3]" started-at="2025-07-20T15:39:46 IST" name="productErrorValidation" finished-at="2025-07-20T15:39:50 IST" duration-ms="3441" status="PASS">
          <reporter-output>
          </reporter-output>
        </test-method> <!-- productErrorValidation -->
        <test-method is-config="true" signature="teardown()[pri:0, instance:SeleniumWeb.ErrorValidation@44a59da3]" started-at="2025-07-20T15:39:50 IST" name="teardown" finished-at="2025-07-20T15:39:50 IST" duration-ms="98" status="PASS">
          <reporter-output>
          </reporter-output>
        </test-method> <!-- teardown -->
      </class> <!-- SeleniumWeb.ErrorValidation -->
    </test> <!-- Error Validation Test -->
    <test started-at="2025-07-20T15:39:33 IST" name="Submit Order Test" finished-at="2025-07-20T15:40:04 IST" duration-ms="30339">
      <class name="SeleniumWeb.SubmitOrder">
        <test-method is-config="true" signature="applicationLunch()[pri:0, instance:SeleniumWeb.SubmitOrder@6f8e8894]" started-at="2025-07-20T15:39:34 IST" name="applicationLunch" finished-at="2025-07-20T15:39:37 IST" duration-ms="3163" status="PASS">
          <reporter-output>
          </reporter-output>
        </test-method> <!-- applicationLunch -->
        <test-method signature="sumbmitOrder(java.util.HashMap)[pri:0, instance:SeleniumWeb.SubmitOrder@6f8e8894]" started-at="2025-07-20T15:39:37 IST" name="sumbmitOrder" data-provider="getData" finished-at="2025-07-20T15:39:46 IST" duration-ms="9477" status="PASS">
          <params>
            <param index="0">
              <value>
                <![CDATA[{password=Soumya123@, email=soumyaadhikary2018@gmail.com, productName=ZARA COAT 3}]]>
              </value>
            </param>
          </params>
          <reporter-output>
          </reporter-output>
        </test-method> <!-- sumbmitOrder -->
        <test-method is-config="true" signature="teardown()[pri:0, instance:SeleniumWeb.SubmitOrder@6f8e8894]" started-at="2025-07-20T15:39:46 IST" name="teardown" finished-at="2025-07-20T15:39:47 IST" duration-ms="203" status="PASS">
          <reporter-output>
          </reporter-output>
        </test-method> <!-- teardown -->
        <test-method is-config="true" signature="applicationLunch()[pri:0, instance:SeleniumWeb.SubmitOrder@6f8e8894]" started-at="2025-07-20T15:39:47 IST" name="applicationLunch" finished-at="2025-07-20T15:39:50 IST" duration-ms="3599" status="PASS">
          <reporter-output>
          </reporter-output>
        </test-method> <!-- applicationLunch -->
        <test-method signature="sumbmitOrder(java.util.HashMap)[pri:0, instance:SeleniumWeb.SubmitOrder@6f8e8894]" started-at="2025-07-20T15:39:50 IST" name="sumbmitOrder" data-provider="getData" finished-at="2025-07-20T15:39:59 IST" duration-ms="8427" status="PASS">
          <params>
            <param index="0">
              <value>
                <![CDATA[{password=Soumya123@, email=soumyaadhikary23@gmail.com, productName=ADIDAS ORIGINAL}]]>
              </value>
            </param>
          </params>
          <reporter-output>
          </reporter-output>
        </test-method> <!-- sumbmitOrder -->
        <test-method is-config="true" signature="teardown()[pri:0, instance:SeleniumWeb.SubmitOrder@6f8e8894]" started-at="2025-07-20T15:39:59 IST" name="teardown" finished-at="2025-07-20T15:39:59 IST" duration-ms="129" status="PASS">
          <reporter-output>
          </reporter-output>
        </test-method> <!-- teardown -->
        <test-method is-config="true" signature="applicationLunch()[pri:0, instance:SeleniumWeb.SubmitOrder@6f8e8894]" started-at="2025-07-20T15:39:59 IST" name="applicationLunch" finished-at="2025-07-20T15:40:03 IST" duration-ms="4074" status="PASS">
          <reporter-output>
          </reporter-output>
        </test-method> <!-- applicationLunch -->
        <test-method signature="orderHistoryTest()[pri:0, instance:SeleniumWeb.SubmitOrder@6f8e8894]" started-at="2025-07-20T15:40:03 IST" name="orderHistoryTest" finished-at="2025-07-20T15:40:04 IST" depends-on-methods="SeleniumWeb.SubmitOrder.sumbmitOrder" duration-ms="897" status="PASS">
          <reporter-output>
          </reporter-output>
        </test-method> <!-- orderHistoryTest -->
        <test-method is-config="true" signature="teardown()[pri:0, instance:SeleniumWeb.SubmitOrder@6f8e8894]" started-at="2025-07-20T15:40:04 IST" name="teardown" finished-at="2025-07-20T15:40:04 IST" duration-ms="131" status="PASS">
          <reporter-output>
          </reporter-output>
        </test-method> <!-- teardown -->
      </class> <!-- SeleniumWeb.SubmitOrder -->
    </test> <!-- Submit Order Test -->
  </suite> <!-- Suite -->
</testng-results>
